{"/Users/matiasceliz/Documents/GitHub/rn-ui-kit/src/Buttons/Base/index.tsx": {"path":"/Users/matiasceliz/Documents/GitHub/rn-ui-kit/src/Buttons/Base/index.tsx","statementMap":{"0":{"start":{"line":1,"column":0},"end":{"line":1,"column":26}},"1":{"start":{"line":3,"column":0},"end":{"line":3,"column":53}},"2":{"start":{"line":6,"column":15},"end":{"line":6,"column":null}},"3":{"start":{"line":6,"column":25},"end":{"line":6,"column":27}},"4":{"start":{"line":6,"column":32},"end":{"line":6,"column":34}},"5":{"start":{"line":6,"column":40},"end":{"line":6,"column":42}},"6":{"start":{"line":6,"column":50},"end":{"line":6,"column":52}},"7":{"start":{"line":6,"column":57},"end":{"line":6,"column":59}},"8":{"start":{"line":6,"column":72},"end":{"line":6,"column":81}},"9":{"start":{"line":6,"column":106},"end":{"line":10,"column":2}},"10":{"start":{"line":12,"column":0},"end":{"line":12,"column":22}}},"fnMap":{"0":{"name":"(anonymous_1)","decl":{"start":{"line":6,"column":15},"end":{"line":6,"column":16}},"loc":{"start":{"line":6,"column":81},"end":{"line":6,"column":null}}}},"branchMap":{},"s":{"0":1,"1":1,"2":1,"3":6,"4":6,"5":6,"6":6,"7":6,"8":6,"9":6,"10":1},"f":{"0":6},"b":{}}
,"/Users/matiasceliz/Documents/GitHub/rn-ui-kit/src/Buttons/Inverted/index.tsx": {"path":"/Users/matiasceliz/Documents/GitHub/rn-ui-kit/src/Buttons/Inverted/index.tsx","statementMap":{"0":{"start":{"line":1,"column":0},"end":{"line":1,"column":26}},"1":{"start":{"line":3,"column":0},"end":{"line":3,"column":53}},"2":{"start":{"line":6,"column":15},"end":{"line":6,"column":null}},"3":{"start":{"line":6,"column":25},"end":{"line":6,"column":27}},"4":{"start":{"line":6,"column":32},"end":{"line":6,"column":34}},"5":{"start":{"line":6,"column":40},"end":{"line":6,"column":42}},"6":{"start":{"line":6,"column":50},"end":{"line":6,"column":52}},"7":{"start":{"line":6,"column":57},"end":{"line":6,"column":66}},"8":{"start":{"line":6,"column":91},"end":{"line":10,"column":2}},"9":{"start":{"line":12,"column":0},"end":{"line":12,"column":22}}},"fnMap":{"0":{"name":"(anonymous_1)","decl":{"start":{"line":6,"column":15},"end":{"line":6,"column":16}},"loc":{"start":{"line":6,"column":66},"end":{"line":6,"column":null}}}},"branchMap":{},"s":{"0":1,"1":1,"2":1,"3":6,"4":6,"5":6,"6":6,"7":6,"8":6,"9":1},"f":{"0":6},"b":{}}
,"/Users/matiasceliz/Documents/GitHub/rn-ui-kit/src/Buttons/Link/index.tsx": {"path":"/Users/matiasceliz/Documents/GitHub/rn-ui-kit/src/Buttons/Link/index.tsx","statementMap":{"0":{"start":{"line":1,"column":0},"end":{"line":1,"column":26}},"1":{"start":{"line":3,"column":0},"end":{"line":3,"column":53}},"2":{"start":{"line":6,"column":15},"end":{"line":6,"column":null}},"3":{"start":{"line":6,"column":25},"end":{"line":6,"column":27}},"4":{"start":{"line":6,"column":32},"end":{"line":6,"column":34}},"5":{"start":{"line":6,"column":40},"end":{"line":6,"column":42}},"6":{"start":{"line":6,"column":50},"end":{"line":6,"column":52}},"7":{"start":{"line":6,"column":57},"end":{"line":6,"column":66}},"8":{"start":{"line":6,"column":91},"end":{"line":10,"column":2}},"9":{"start":{"line":12,"column":0},"end":{"line":12,"column":22}}},"fnMap":{"0":{"name":"(anonymous_1)","decl":{"start":{"line":6,"column":15},"end":{"line":6,"column":16}},"loc":{"start":{"line":6,"column":66},"end":{"line":6,"column":null}}}},"branchMap":{},"s":{"0":1,"1":1,"2":1,"3":6,"4":6,"5":6,"6":6,"7":6,"8":6,"9":1},"f":{"0":6},"b":{}}
,"/Users/matiasceliz/Documents/GitHub/rn-ui-kit/src/Buttons/Outlined/index.tsx": {"path":"/Users/matiasceliz/Documents/GitHub/rn-ui-kit/src/Buttons/Outlined/index.tsx","statementMap":{"0":{"start":{"line":1,"column":0},"end":{"line":1,"column":26}},"1":{"start":{"line":3,"column":0},"end":{"line":3,"column":53}},"2":{"start":{"line":6,"column":15},"end":{"line":6,"column":null}},"3":{"start":{"line":6,"column":25},"end":{"line":6,"column":27}},"4":{"start":{"line":6,"column":32},"end":{"line":6,"column":34}},"5":{"start":{"line":6,"column":40},"end":{"line":6,"column":42}},"6":{"start":{"line":6,"column":50},"end":{"line":6,"column":52}},"7":{"start":{"line":6,"column":57},"end":{"line":6,"column":66}},"8":{"start":{"line":6,"column":91},"end":{"line":10,"column":2}},"9":{"start":{"line":12,"column":0},"end":{"line":12,"column":22}}},"fnMap":{"0":{"name":"(anonymous_1)","decl":{"start":{"line":6,"column":15},"end":{"line":6,"column":16}},"loc":{"start":{"line":6,"column":66},"end":{"line":6,"column":null}}}},"branchMap":{},"s":{"0":1,"1":1,"2":1,"3":6,"4":6,"5":6,"6":6,"7":6,"8":6,"9":1},"f":{"0":6},"b":{}}
,"/Users/matiasceliz/Documents/GitHub/rn-ui-kit/src/Buttons/OutlinedInverted/index.tsx": {"path":"/Users/matiasceliz/Documents/GitHub/rn-ui-kit/src/Buttons/OutlinedInverted/index.tsx","statementMap":{"0":{"start":{"line":1,"column":0},"end":{"line":1,"column":26}},"1":{"start":{"line":3,"column":0},"end":{"line":3,"column":53}},"2":{"start":{"line":6,"column":15},"end":{"line":6,"column":null}},"3":{"start":{"line":6,"column":25},"end":{"line":6,"column":27}},"4":{"start":{"line":6,"column":32},"end":{"line":6,"column":34}},"5":{"start":{"line":6,"column":40},"end":{"line":6,"column":42}},"6":{"start":{"line":6,"column":50},"end":{"line":6,"column":52}},"7":{"start":{"line":6,"column":57},"end":{"line":6,"column":66}},"8":{"start":{"line":6,"column":91},"end":{"line":10,"column":2}},"9":{"start":{"line":12,"column":0},"end":{"line":12,"column":22}}},"fnMap":{"0":{"name":"(anonymous_1)","decl":{"start":{"line":6,"column":15},"end":{"line":6,"column":16}},"loc":{"start":{"line":6,"column":66},"end":{"line":6,"column":null}}}},"branchMap":{},"s":{"0":1,"1":1,"2":1,"3":6,"4":6,"5":6,"6":6,"7":6,"8":6,"9":1},"f":{"0":6},"b":{}}
,"/Users/matiasceliz/Documents/GitHub/rn-ui-kit/src/Buttons/Text/index.tsx": {"path":"/Users/matiasceliz/Documents/GitHub/rn-ui-kit/src/Buttons/Text/index.tsx","statementMap":{"0":{"start":{"line":1,"column":0},"end":{"line":1,"column":26}},"1":{"start":{"line":3,"column":0},"end":{"line":3,"column":53}},"2":{"start":{"line":6,"column":15},"end":{"line":6,"column":null}},"3":{"start":{"line":6,"column":25},"end":{"line":6,"column":27}},"4":{"start":{"line":6,"column":32},"end":{"line":6,"column":34}},"5":{"start":{"line":6,"column":40},"end":{"line":6,"column":42}},"6":{"start":{"line":6,"column":50},"end":{"line":6,"column":52}},"7":{"start":{"line":6,"column":57},"end":{"line":6,"column":66}},"8":{"start":{"line":6,"column":91},"end":{"line":10,"column":2}},"9":{"start":{"line":12,"column":0},"end":{"line":12,"column":22}}},"fnMap":{"0":{"name":"(anonymous_1)","decl":{"start":{"line":6,"column":15},"end":{"line":6,"column":16}},"loc":{"start":{"line":6,"column":66},"end":{"line":6,"column":null}}}},"branchMap":{},"s":{"0":1,"1":1,"2":1,"3":6,"4":6,"5":6,"6":6,"7":6,"8":6,"9":1},"f":{"0":6},"b":{}}
}
